RUN	RecordedSimulation2	recordedsimulation2	1554907744495	 	3.0.3
USER	RecordedSimulation2	1	START	1554907746734	1554907746734
REQUEST	1		request_0	1554907746793	1554907746945	OK	 
REQUEST	1		reset.css?13-1-8-23	1554907747200	1554907747263	OK	 
REQUEST	1		custom.css	1554907747308	1554907747318	OK	 
REQUEST	1		template.css?13-1-8-23	1554907747203	1554907747328	OK	 
REQUEST	1		index.css?13-1-8-23-636555116381078681	1554907747320	1554907747338	OK	 
REQUEST	1		print.css?13-1-8-23	1554907747201	1554907747346	OK	 
REQUEST	1		style.css?13-1-8-23	1554907747202	1554907747353	OK	 
REQUEST	1		menu.css?13-1-8-23	1554907747204	1554907747358	OK	 
REQUEST	1		custom.css	1554907747204	1554907747366	OK	 
REQUEST	1		x5engine.js?13-1-8-23	1554907747344	1554907747369	OK	 
REQUEST	1		jquery.js?13-1-8-23	1554907747336	1554907747391	OK	 
REQUEST	1		main.js	1554907747348	1554907747394	OK	 
REQUEST	1		main.js	1554907747357	1554907747397	OK	 
REQUEST	1		header_brand_es.38682.jpg	1554907747364	1554907747400	OK	 
REQUEST	1		pixabay-bb4b32c99a2f44435e.png	1554907747368	1554907747404	OK	 
REQUEST	1		White_facebook-1-.png	1554907747389	1554907747407	OK	 
REQUEST	1		White_twitter.png	1554907747392	1554907747408	OK	 
REQUEST	1		youtube-1-.png	1554907747396	1554907747413	OK	 
REQUEST	1		request_1	1554907761433	1554907761545	OK	 
REQUEST	1		request_2	1554907762556	1554907762655	OK	 
REQUEST	1		reset.css?13-1-8-23	1554907762696	1554907762750	OK	 
REQUEST	1		print.css?13-1-8-23	1554907762697	1554907762760	OK	 
REQUEST	1		style.css?13-1-8-23	1554907762698	1554907762764	OK	 
REQUEST	1		carga-de-informacion.css?13-1-8-23-636555116375453681	1554907762751	1554907762770	OK	 
REQUEST	1		x5engine.js?13-1-8-23	1554907762765	1554907762781	OK	 
REQUEST	1		main.js	1554907762774	1554907762785	OK	 
REQUEST	1		jquery.js?13-1-8-23	1554907762762	1554907762789	OK	 
REQUEST	1		header_brand_es.38682.jpg	1554907762782	1554907762791	OK	 
REQUEST	1		pixabay-bb4b32c99a2f44435e.png	1554907762787	1554907762796	OK	 
REQUEST	1		date.gif	1554907762791	1554907762798	OK	 
REQUEST	1		White_facebook-1-.png	1554907762792	1554907762801	OK	 
REQUEST	1		White_twitter.png	1554907762797	1554907762805	OK	 
REQUEST	1		youtube-1-.png	1554907762799	1554907762807	OK	 
REQUEST	1		template.css?13-1-8-23	1554907762698	1554907762870	OK	 
REQUEST	1		menu.css?13-1-8-23	1554907762699	1554907762883	OK	 
REQUEST	1		custom.css	1554907762699	1554907762899	OK	 
REQUEST	1		request_3	1554907765917	1554907765977	OK	 
REQUEST	1		request_3 Redirect 1	1554907766001	1554907766082	OK	 
REQUEST	1		reset.css?13-1-8-23	1554907766132	1554907766138	OK	 
REQUEST	1		custom.css	1554907766135	1554907766142	OK	 
REQUEST	1		menu.css?13-1-8-23	1554907766134	1554907766142	OK	 
REQUEST	1		print.css?13-1-8-23	1554907766133	1554907766143	OK	 
REQUEST	1		style.css?13-1-8-23	1554907766133	1554907766143	OK	 
REQUEST	1		template.css?13-1-8-23	1554907766134	1554907766144	OK	 
USER	RecordedSimulation2	1	END	1554907746734	1554907766148
