RUN	RecordedSimulation	recordedsimulation	1554907165332	 	3.0.3
USER	RecordedSimulation	1	START	1554907168160	1554907168160
REQUEST	1		request_0	1554907168215	1554907168288	OK	 
REQUEST	1		request_1	1554907171331	1554907171434	KO	status.find.in(200,201,202,203,204,205,206,207,208,209,304), found 401
REQUEST	1		request_2	1554907175435	1554907175599	OK	 
REQUEST	1		browse.css?vid=82	1554907175826	1554907175998	OK	 
REQUEST	1		satelliteLib-80187f49a9263a2bfb8017414b8b7a962919d04e.js	1554907175809	1554907176180	OK	 
REQUEST	1		bxl-cmr-050419-AO-mb?scl=1&qlt=100	1554907175817	1554907176181	OK	 
REQUEST	1		vendor.js?vid=82	1554907176160	1554907176186	OK	 
REQUEST	1		favicon-16x16.png	1554907175827	1554907176189	OK	 
REQUEST	1		android-chrome-192x192.png	1554907175828	1554907176191	OK	 
REQUEST	1		android-chrome-256x256.png	1554907175828	1554907176194	OK	 
REQUEST	1		headerMainMenu.js?vid=82	1554907175829	1554907176210	OK	 
REQUEST	1		searchBarApp.js?vid=82	1554907176188	1554907176212	OK	 
REQUEST	1		favicon-32x32.png	1554907175827	1554907176214	OK	 
REQUEST	1		lazysizes.min.js	1554907176190	1554907176224	OK	 
REQUEST	1		Hero_mobile_Makeup-020419-pb--1x.jpg	1554907176192	1554907176234	OK	 
REQUEST	1		HH-PLANES-080419-CC-mb-1x.jpg	1554907176195	1554907176237	OK	 
REQUEST	1		HH-EventoCMR-led-20190409-CV-mb-1x.jpg	1554907176213	1554907176239	OK	 
REQUEST	1		HH-dormitorio-09042019-AY-mb-1x.jpg	1554907176215	1554907176242	OK	 
REQUEST	1		vitrina-mobile-080419-pb-1x.jpg	1554907176211	1554907176244	OK	 
REQUEST	1		huincha-telefonia-210319-CC.jpg	1554907176238	1554907176250	OK	 
REQUEST	1		PC2_Cavas4_MH-mb.jpg	1554907176240	1554907176257	OK	 
REQUEST	1		MC-0219.css	1554907176235	1554907176261	OK	 
REQUEST	1		pc3-estufas-20190409-CV-mb.jpg	1554907176243	1554907176275	OK	 
REQUEST	1		dailyDeals.js?vid=82	1554907176224	1554907176292	OK	 
REQUEST	1		pc3-alfombra-08042019-AY-MB.jpg	1554907176258	1554907176311	OK	 
REQUEST	1		pc-dormitorio-09042019-ay.jpg	1554907176245	1554907176314	OK	 
REQUEST	1		bp4-volmark-050419-logo.png	1554907176293	1554907176324	OK	 
REQUEST	1		bp4-volmark-050419.jpg	1554907176312	1554907176334	OK	 
REQUEST	1		PC1-mundo_imperdible-040419-cs.jpg	1554907176276	1554907176335	OK	 
REQUEST	1		PC1-deporte-joggers-040419-JT.jpg	1554907176263	1554907176337	OK	 
REQUEST	1		PC2-camarote-09042019-ay-mb.jpg	1554907176251	1554907176338	OK	 
REQUEST	1		invicta-logo-cs.png	1554907176315	1554907176340	OK	 
REQUEST	1		bp5-invicta-040419-cs.jpg	1554907176324	1554907176343	OK	 
REQUEST	1		bp4-parrilla-2042019-AY1.jpg	1554907176336	1554907176356	OK	 
REQUEST	1		Logo-kenmore1.png	1554907176334	1554907176362	OK	 
REQUEST	1		adrum.js?vid=82	1554907176344	1554907176371	OK	 
REQUEST	1		style-design.css?v=60	1554907176338	1554907176376	OK	 
REQUEST	1		browsable.core.js?vid=82	1554907176341	1554907176381	OK	 
REQUEST	1		request_3	1554907176357	1554907176385	OK	 
REQUEST	1		browse.js?vid=82	1554907176339	1554907176389	OK	 
REQUEST	1		request_4	1554907176363	1554907176390	OK	 
REQUEST	1		request_5	1554907176372	1554907176392	OK	 
REQUEST	1		request_7	1554907176382	1554907176397	OK	 
REQUEST	1		request_6	1554907176379	1554907176398	OK	 
REQUEST	1		request_8	1554907176386	1554907176402	OK	 
USER	RecordedSimulation	1	END	1554907168160	1554907176454
