RUN	RecordedSimulation	recordedsimulation	1554907396140	 	3.0.3
USER	RecordedSimulation	1	START	1554907398310	1554907398310
REQUEST	1		request_0	1554907398390	1554907398453	OK	 
REQUEST	1		request_1	1554907401505	1554907401611	KO	status.find.in(200,201,202,203,204,205,206,207,208,209,304), found 401
REQUEST	1		request_2	1554907405616	1554907405750	OK	 
REQUEST	1		bxl-cmr-050419-AO-mb?scl=1&qlt=100	1554907406017	1554907406200	OK	 
REQUEST	1		favicon-32x32.png	1554907406027	1554907406211	OK	 
REQUEST	1		browse.css?vid=82	1554907406026	1554907406221	OK	 
REQUEST	1		favicon-16x16.png	1554907406028	1554907406309	OK	 
REQUEST	1		android-chrome-192x192.png	1554907406028	1554907406321	OK	 
REQUEST	1		android-chrome-256x256.png	1554907406029	1554907406324	OK	 
REQUEST	1		searchBarApp.js?vid=82	1554907406303	1554907406327	OK	 
REQUEST	1		satelliteLib-80187f49a9263a2bfb8017414b8b7a962919d04e.js	1554907406007	1554907406344	OK	 
REQUEST	1		vendor.js?vid=82	1554907406215	1554907406358	OK	 
REQUEST	1		headerMainMenu.js?vid=82	1554907406030	1554907406382	OK	 
REQUEST	1		vitrina-mobile-080419-pb-1x.jpg	1554907406328	1554907406384	OK	 
REQUEST	1		HH-EventoCMR-led-20190409-CV-mb-1x.jpg	1554907406360	1554907406386	OK	 
REQUEST	1		lazysizes.min.js	1554907406311	1554907406389	OK	 
REQUEST	1		Hero_mobile_Makeup-020419-pb--1x.jpg	1554907406323	1554907406393	OK	 
REQUEST	1		HH-PLANES-080419-CC-mb-1x.jpg	1554907406325	1554907406397	OK	 
REQUEST	1		MC-0219.css	1554907406387	1554907406400	OK	 
REQUEST	1		HH-dormitorio-09042019-AY-mb-1x.jpg	1554907406383	1554907406404	OK	 
REQUEST	1		huincha-telefonia-210319-CC.jpg	1554907406390	1554907406406	OK	 
REQUEST	1		PC2_Cavas4_MH-mb.jpg	1554907406394	1554907406415	OK	 
REQUEST	1		dailyDeals.js?vid=82	1554907406385	1554907406420	OK	 
REQUEST	1		pc3-estufas-20190409-CV-mb.jpg	1554907406398	1554907406428	OK	 
REQUEST	1		pc-dormitorio-09042019-ay.jpg	1554907406403	1554907406462	OK	 
REQUEST	1		bp4-volmark-050419-logo.png	1554907406429	1554907406474	OK	 
REQUEST	1		PC1-mundo_imperdible-040419-cs.jpg	1554907406422	1554907406476	OK	 
REQUEST	1		PC2-camarote-09042019-ay-mb.jpg	1554907406405	1554907406478	OK	 
REQUEST	1		pc3-alfombra-08042019-AY-MB.jpg	1554907406408	1554907406482	OK	 
REQUEST	1		PC1-deporte-joggers-040419-JT.jpg	1554907406416	1554907406484	OK	 
REQUEST	1		bp4-volmark-050419.jpg	1554907406463	1554907406489	OK	 
REQUEST	1		invicta-logo-cs.png	1554907406475	1554907406493	OK	 
REQUEST	1		bp5-invicta-040419-cs.jpg	1554907406477	1554907406494	OK	 
REQUEST	1		Logo-kenmore1.png	1554907406479	1554907406500	OK	 
REQUEST	1		bp4-parrilla-2042019-AY1.jpg	1554907406483	1554907406504	OK	 
REQUEST	1		style-design.css?v=60	1554907406485	1554907406516	OK	 
REQUEST	1		browsable.core.js?vid=82	1554907406494	1554907406525	OK	 
REQUEST	1		adrum.js?vid=82	1554907406495	1554907406527	OK	 
REQUEST	1		browse.js?vid=82	1554907406489	1554907406530	OK	 
REQUEST	1		request_3	1554907406501	1554907406533	OK	 
REQUEST	1		request_4	1554907406505	1554907406534	OK	 
REQUEST	1		request_5	1554907406520	1554907406537	OK	 
REQUEST	1		request_6	1554907406526	1554907406541	OK	 
REQUEST	1		request_8	1554907406531	1554907406545	OK	 
REQUEST	1		request_7	1554907406528	1554907406552	OK	 
USER	RecordedSimulation	1	END	1554907398310	1554907406559
