RUN	RecordedSimulation2	recordedsimulation2	1554907567625	 	3.0.3
USER	RecordedSimulation2	1	START	1554907569799	1554907569799
REQUEST	1		request_0	1554907569868	1554907569987	OK	 
REQUEST	1		reset.css?13-1-8-23	1554907570258	1554907570319	OK	 
REQUEST	1		custom.css	1554907570357	1554907570368	OK	 
REQUEST	1		print.css?13-1-8-23	1554907570259	1554907570372	OK	 
REQUEST	1		style.css?13-1-8-23	1554907570260	1554907570377	OK	 
REQUEST	1		template.css?13-1-8-23	1554907570261	1554907570384	OK	 
REQUEST	1		menu.css?13-1-8-23	1554907570262	1554907570389	OK	 
REQUEST	1		index.css?13-1-8-23-636555116381078681	1554907570371	1554907570399	OK	 
REQUEST	1		x5engine.js?13-1-8-23	1554907570383	1554907570412	OK	 
REQUEST	1		jquery.js?13-1-8-23	1554907570375	1554907570416	OK	 
REQUEST	1		main.js	1554907570396	1554907570419	OK	 
REQUEST	1		main.js	1554907570387	1554907570423	OK	 
REQUEST	1		header_brand_es.38682.jpg	1554907570407	1554907570432	OK	 
REQUEST	1		White_facebook-1-.png	1554907570417	1554907570436	OK	 
REQUEST	1		pixabay-bb4b32c99a2f44435e.png	1554907570415	1554907570439	OK	 
REQUEST	1		custom.css	1554907570263	1554907570443	OK	 
REQUEST	1		youtube-1-.png	1554907570425	1554907570446	OK	 
REQUEST	1		White_twitter.png	1554907570421	1554907570448	OK	 
REQUEST	1		request_1	1554907584480	1554907584587	OK	 
REQUEST	1		request_2	1554907585601	1554907585675	OK	 
REQUEST	1		reset.css?13-1-8-23	1554907585700	1554907585753	OK	 
REQUEST	1		print.css?13-1-8-23	1554907585701	1554907585765	OK	 
REQUEST	1		template.css?13-1-8-23	1554907585702	1554907585771	OK	 
REQUEST	1		style.css?13-1-8-23	1554907585702	1554907585776	OK	 
REQUEST	1		custom.css	1554907585703	1554907585780	OK	 
REQUEST	1		carga-de-informacion.css?13-1-8-23-636555116375453681	1554907585755	1554907585782	OK	 
REQUEST	1		menu.css?13-1-8-23	1554907585703	1554907585789	OK	 
REQUEST	1		main.js	1554907585777	1554907585792	OK	 
REQUEST	1		header_brand_es.38682.jpg	1554907585781	1554907585797	OK	 
REQUEST	1		x5engine.js?13-1-8-23	1554907585773	1554907585802	OK	 
REQUEST	1		date.gif	1554907585791	1554907585804	OK	 
REQUEST	1		White_facebook-1-.png	1554907585793	1554907585808	OK	 
REQUEST	1		pixabay-bb4b32c99a2f44435e.png	1554907585788	1554907585809	OK	 
REQUEST	1		jquery.js?13-1-8-23	1554907585767	1554907585810	OK	 
REQUEST	1		White_twitter.png	1554907585800	1554907585811	OK	 
REQUEST	1		youtube-1-.png	1554907585803	1554907585813	OK	 
REQUEST	1		request_3	1554907588801	1554907588863	OK	 
REQUEST	1		request_3 Redirect 1	1554907588888	1554907588972	OK	 
REQUEST	1		template.css?13-1-8-23	1554907589009	1554907589016	OK	 
REQUEST	1		reset.css?13-1-8-23	1554907589007	1554907589019	OK	 
REQUEST	1		print.css?13-1-8-23	1554907589008	1554907589020	OK	 
REQUEST	1		custom.css	1554907589010	1554907589020	OK	 
REQUEST	1		menu.css?13-1-8-23	1554907589010	1554907589021	OK	 
REQUEST	1		style.css?13-1-8-23	1554907589009	1554907589021	OK	 
USER	RecordedSimulation2	1	END	1554907569799	1554907589026
